[1] 49
[1] -97.63296
[1] 31.65843
[1] 4.957105
578.515 [km]
 num [1:49, 1:49] 0 26.8 38.2 60.6 163.8 ...
NULL
159.8146 [km]
[1] 980.2462
[1] 91
[1] -86.68316
[1] 31.66288
[1] 9.163165
2121.99 [km]
 num [1:91, 1:91] 0 66.1 1124.2 645.6 1056.5 ...
NULL
604.7166 [km]
[1] 5424.081
[1] 140
[1] -86.33016
[1] 35.51686
[1] 10.17772
1616.636 [km]
 num [1:140, 1:140] 0 1139 909 255 112 ...
NULL
667.414 [km]
[1] 5435.02
[1] 200
[1] -91.94769
[1] 33.21371
[1] 8.096526
1592.605 [km]
 num [1:200, 1:200] 0 140 376 299 661 ...
NULL
464.5613 [km]
[1] 6188.499
[1] 216
[1] -83.68748
[1] 30.63297
[1] 3.007173
507.9658 [km]
 num [1:216, 1:216] 0 393 182 437 395 ...
NULL
185 [km]
[1] 2240.351
[1] 221
[1] -86.08072
[1] 33.10295
[1] 8.915211
1808.761 [km]
 num [1:221, 1:221] 0 1001 153 847 894 ...
NULL
552.9447 [km]
[1] 7756.15
[1] 257
[1] -85.32693
[1] 33.83132
[1] 5.826918
1533.025 [km]
 num [1:257, 1:257] 0.00 2.48 3.05e-02 8.38e+01 1.29e+03 ...
NULL
520.5103 [km]
[1] 4889.687
[1] 258
[1] -87.15886
[1] 43.7356
[1] 12.30152
1967.216 [km]
 num [1:258, 1:258] 0 1379 127 686 1381 ...
NULL
678.6246 [km]
[1] 8138.869
[1] 272
[1] -92.97152
[1] 31.44221
[1] 6.149256
1719.164 [km]
 num [1:272, 1:272] 0 897.3 26.1 157.7 288.7 ...
NULL
594.9959 [km]
[1] 4180.908
[1] 337
[1] -82.37205
[1] 36.66392
[1] 11.29483
1988.698 [km]
 num [1:337, 1:337] 0 613.2429 574.8088 800.728 0.0165 ...
NULL
730.2787 [km]
[1] 7790.294
[1] 367
[1] -89.49799
[1] 32.92825
[1] 7.59789
1721.386 [km]
 num [1:367, 1:367] 0 672 911 801 719 ...
NULL
560.6522 [km]
[1] 8175.658
[1] 413
[1] -86.75762
[1] 31.19319
[1] 11.30366
1671.498 [km]
 num [1:413, 1:413] 0 604 1218 1228 1140 ...
NULL
731.6394 [km]
[1] 6946.45
[1] 480
[1] -81.9597
[1] 35.88805
[1] 2.842818
508.4282 [km]
 num [1:480, 1:480] 0 218.5 58.7 15.9 32.5 ...
NULL
120.3532 [km]
[1] 1452.337
[1] 484
[1] -85.92667
[1] 31.21647
[1] 3.723853
1148.374 [km]
 num [1:484, 1:484] 0 434 375 417 249 ...
NULL
425.261 [km]
[1] 5333.612
[1] 492
[1] -86.45682
[1] 31.04791
[1] 10.73699
2094.922 [km]
 num [1:492, 1:492] 0 783 893 353 735 ...
NULL
754.2737 [km]
[1] 10023.39
[1] 508
[1] -79.91524
[1] 32.50431
[1] 12.01931
1446.98 [km]
 num [1:508, 1:508] 0 185 234 198 330 ...
NULL
456.12 [km]
[1] 5665.311
[1] 610
[1] -86.79165
[1] 33.91245
[1] 7.968716
1976.641 [km]
 num [1:610, 1:610] 0 962.411 128.909 1044.855 0.492 ...
NULL
694.0243 [km]
[1] 9434.961
[1] 640
[1] -82.95401
[1] 30.19171
[1] 11.73526
1945.926 [km]
 num [1:640, 1:640] 0 368 482 628 752 ...
NULL
569.146 [km]
[1] 9508.847
[1] 699
[1] -94.59776
[1] 33.88904
[1] 11.54183
1542.163 [km]
 num [1:699, 1:699] 0 420 956 985 1168 ...
NULL
492.9538 [km]
[1] 10185.18
[1] 705
[1] -82.02953
[1] 28.468
[1] 8.615817
1113.626 [km]
 num [1:705, 1:705] 0 245 282 485 230 ...
NULL
273.4867 [km]
[1] 5200.756
[1] 772
[1] -85.41944
[1] 31.36262
[1] 10.47664
2142.718 [km]
 num [1:772, 1:772] 0 302.44 0.281 989.875 404.335 ...
NULL
647.4308 [km]
[1] 10034.95
[1] 780
[1] -84.26256
[1] 31.39655
[1] 14.15962
2174.082 [km]
 num [1:780, 1:780] 0 967 361 785 594 ...
NULL
548.0616 [km]
[1] 13982.75
[1] 783
[1] -80.26559
[1] 37.50453
[1] 6.513082
1036.81 [km]
 num [1:783, 1:783] 0 180 686 542 516 ...
NULL
319.2538 [km]
[1] 4780.605
[1] 784
[1] -86.73043
[1] 34.56297
[1] 9.807517
2122.288 [km]
 num [1:784, 1:784] 0 1177 506 386 430 ...
NULL
744.9546 [km]
[1] 12472.2
[1] 797
[1] -82.72588
[1] 35.76434
[1] 1.787748
287.5911 [km]
 num [1:797, 1:797] 0 108.357 57.977 0.102 136.054 ...
NULL
85.08608 [km]
[1] 852.5698
[1] 822
[1] -86.08479
[1] 29.80466
[1] 12.52459
2263.934 [km]
 num [1:822, 1:822] 0 586 882 894 359 ...
NULL
716.0355 [km]
[1] 8129.454
[1] 923
[1] -87.64435
[1] 33.94459
[1] 10.07879
2139.304 [km]
 num [1:923, 1:923] 0 448 574 1117 541 ...
NULL
699.467 [km]
[1] 15001.58
[1] 957
[1] -87.35091
[1] 39.11846
[1] 9.92944
1306.789 [km]
 num [1:957, 1:957] 0 137 125 525 359 ...
NULL
442.931 [km]
[1] 9045.528
[1] 1010
[1] -82.4354
[1] 41.18033
[1] 10.04067
1993.988 [km]
 num [1:1010, 1:1010] 0 354 378 284 183 ...
NULL
641.9771 [km]
[1] 15490.89
[1] 1015
[1] -83.64363
[1] 29.58089
[1] 11.66933
2200.65 [km]
 num [1:1015, 1:1015] 0 167 363 381 264 ...
NULL
568.729 [km]
[1] 13151.41
[1] 1240
[1] -80.76584
[1] 26.39524
[1] 6.0438
772.3341 [km]
 num [1:1240, 1:1240] 0 152.2 32.7 170.3 166.5 ...
NULL
107.2037 [km]
[1] 2770.022
[1] 1397
[1] -82.00886
[1] 28.44504
[1] 4.870981
880.2501 [km]
 num [1:1397, 1:1397] 0 160 560 128 125 ...
NULL
256.259 [km]
[1] 4102.058
[1] 1438
[1] -89.88282
[1] 44.00512
[1] 8.246385
1131.772 [km]
 num [1:1438, 1:1438] 0 531 544 560 352 ...
NULL
375.5912 [km]
[1] 8408.161
[1] 1593
[1] -83.69732
[1] 30.00363
[1] 15.45277
2382.914 [km]
 num [1:1593, 1:1593] 0 142.17 176.68 0.13 232.75 ...
NULL
705.1047 [km]
[1] 16826.7
[1] 1642
[1] -81.28966
[1] 30.09254
[1] 9.000951
1421.153 [km]
 num [1:1642, 1:1642] 0 620 597 598 859 ...
NULL
363.8944 [km]
[1] 8167.568
[1] 1667
[1] -85.79519
[1] 34.68107
[1] 8.837646
1424.479 [km]
 num [1:1667, 1:1667] 0 861 960 960 635 ...
NULL
355.4768 [km]
[1] 7723.463
[1] 1785
[1] -82.38421
[1] 35.95054
[1] 5.300917
706.2353 [km]
 num [1:1785, 1:1785] 0 584.3 259.3 89.9 119.2 ...
NULL
158.6819 [km]
[1] 4462.249
[1] 1860
[1] -86.52127
[1] 39.35219
[1] 9.2996
1929.604 [km]
 num [1:1860, 1:1860] 0 381 776 1519 887 ...
NULL
568.4649 [km]
[1] 18173.04
[1] 1903
[1] -76.05856
[1] 38.80778
[1] 15.14813
2372.619 [km]
 num [1:1903, 1:1903] 0 885 1524 1524 1728 ...
NULL
656.6029 [km]
[1] 7906.609
[1] 1986
[1] -92.88226
[1] 33.80498
[1] 13.5484
2334.592 [km]
 num [1:1986, 1:1986] 0 75.8 23.2 32.5 53 ...
NULL
705.9068 [km]
[1] 23279.69
[1] 2036
[1] -89.42661
[1] 40.04834
[1] 11.18486
2185.387 [km]
 num [1:2036, 1:2036] 0 841 987 807 485 ...
NULL
620.8964 [km]
[1] 19519.93
[1] 2041
[1] -81.99487
[1] 27.96224
[1] 8.870729
1183.139 [km]
 num [1:2041, 1:2041] 0 167.9 80.6 23.3 193 ...
NULL
308.5931 [km]
[1] 8641.027
[1] 2137
[1] -81.67797
[1] 38.68807
[1] 12.80062
2019.605 [km]
 num [1:2137, 1:2137] 0 204 151 313 277 ...
NULL
544.16 [km]
[1] 18363.61
[1] 2200
[1] -79.64572
[1] 42.04507
[1] 13.49646
2217.409 [km]
 num [1:2200, 1:2200] 0 135 211 964 100 ...
NULL
771.7862 [km]
[1] 24670.23
[1] 2261
[1] -85.31991
[1] 33.74922
[1] 15.5045
3280.851 [km]
 num [1:2261, 1:2261] 0 486 187 188 1444 ...
NULL
856.3892 [km]
[1] 28110.21
[1] 2379
[1] -85.50751
[1] 35.38656
[1] 11.35094
2324.538 [km]
 num [1:2379, 1:2379] 0 281 1114 552 1549 ...
NULL
778.4531 [km]
[1] 24342.95
[1] 2407
[1] -82.18633
[1] 30.54098
[1] 10.5735
1373.74 [km]
 num [1:2407, 1:2407] 0 45.5 639.3 122.4 45.3 ...
NULL
445.909 [km]
[1] 10051.77
[1] 2692
[1] -82.07992
[1] 37.11201
[1] 13.6137
2594.249 [km]
 num [1:2692, 1:2692] 0 733 889 1244 991 ...
NULL
823.097 [km]
[1] 32143.07
[1] 2805
[1] -85.47801
[1] 39.11284
[1] 18.00128
3001.455 [km]
 num [1:2805, 1:2805] 0 963 2185 1208 1120 ...
NULL
991.3115 [km]
[1] 40086.1
[1] 2908
[1] -73.62774
[1] 41.3805
[1] 8.01491
1370.493 [km]
 num [1:2908, 1:2908] 0 134.7 134.2 143.3 56.7 ...
NULL
313.0471 [km]
[1] 9474.978
[1] 2955
[1] -94.27836
[1] 41.03085
[1] 19.98125
3316.146 [km]
 num [1:2955, 1:2955] 0 133 102 1462 80 ...
NULL
1116.969 [km]
[1] 38207.89
[1] 2963
[1] -88.50488
[1] 38.99811
[1] 12.96044
2207.828 [km]
 num [1:2963, 1:2963] 0 53.2 378.9 767.1 819.5 ...
NULL
606.443 [km]
[1] 20356.76
[1] 3158
[1] -76.37718
[1] 39.92449
[1] 11.93708
2019.817 [km]
 num [1:3158, 1:3158] 0 179 362 998 1167 ...
NULL
463.1647 [km]
[1] 20303.22
[1] 3225
[1] -72.70743
[1] 42.37572
[1] 9.792068
1591.721 [km]
 num [1:3225, 1:3225] 0 487 372 266 533 ...
NULL
284.1825 [km]
[1] 14053.61
[1] 3401
[1] -81.54868
[1] 38.29212
[1] 9.210953
1828.69 [km]
 num [1:3401, 1:3401] 0 205 466 322 183 ...
NULL
495.8858 [km]
[1] 19469.05
[1] 3738
[1] -80.37893
[1] 37.26388
[1] 17.329
2534.152 [km]
 num [1:3738, 1:3738] 0 110 638 1258 847 ...
NULL
870.0933 [km]
[1] 38140.73
[1] 3916
[1] -80.11341
[1] 37.63559
[1] 9.147672
1515.271 [km]
 num [1:3916, 1:3916] 0 924.6 29.2 126.9 695.1 ...
NULL
468.7557 [km]
[1] 20489.32
[1] 4307
[1] -88.61415
[1] 34.04116
[1] 11.6683
2221.862 [km]
 num [1:4307, 1:4307] 0 978 1159 1242 732 ...
NULL
736.7888 [km]
[1] 33865.37
[1] 4339
[1] -74.75053
[1] 41.31225
[1] 11.15492
1926.733 [km]
 num [1:4339, 1:4339] 0 293.6 94.8 344.9 329.8 ...
NULL
351.0843 [km]
[1] 17634.63
[1] 4544
[1] -81.54551
[1] 34.1416
[1] 15.88869
2419.883 [km]
 num [1:4544, 1:4544] 0 747 936 1781 1101 ...
NULL
851.0243 [km]
[1] 25869.8
[1] 4672
[1] -82.61007
[1] 35.48031
[1] 10.3213
1739.698 [km]
 num [1:4672, 1:4672] 0 595 150 162 618 ...
NULL
413.202 [km]
[1] 23028.02
[1] 4748
[1] -83.4615
[1] 35.81228
[1] 11.7112
2325.81 [km]
 num [1:4748, 1:4748] 0 943 381 604 970 ...
NULL
823.8975 [km]
[1] 32173.81
[1] 4827
[1] -81.7507
[1] 38.20304
[1] 15.83801
2676.835 [km]
 num [1:4827, 1:4827] 0 1064 1932 1252 1232 ...
NULL
928.6311 [km]
[1] 36586.94
[1] 4845
[1] -82.07982
[1] 40.82967
[1] 17.74787
2619.453 [km]
 num [1:4845, 1:4845] 0 851 295 192 235 ...
NULL
852.4299 [km]
[1] 43375.97
[1] 4900
[1] -85.23657
[1] 30.29019
[1] 12.47733
2480.911 [km]
 num [1:4900, 1:4900] 0 42.8 80.8 965.4 448.2 ...
NULL
842.033 [km]
[1] 18871.86
[1] 4922
[1] -91.44838
[1] 36.59369
[1] 15.6803
3160.806 [km]
 num [1:4922, 1:4922] 0 539 394 1184 1436 ...
NULL
897.7735 [km]
[1] 36433.24
[1] 5289
[1] -88.0326
[1] 35.05281
[1] 19.54682
3037.381 [km]
 num [1:5289, 1:5289] 0 1472 353 804 1643 ...
NULL
967.5454 [km]
[1] 54687.01
[1] 5310
[1] -85.76261
[1] 33.81525
[1] 11.89171
2351.596 [km]
 num [1:5310, 1:5310] 0 462 476 704 632 ...
NULL
904.6822 [km]
[1] 28536.98
[1] 5402
[1] -96.97749
[1] 32.22757
[1] 6.28514
1056.123 [km]
 num [1:5402, 1:5402] 0 20.6 52.8 329.2 389.4 ...
NULL
172.4569 [km]
[1] 8456.278
[1] 5627
[1] -83.60521
[1] 31.60381
[1] 10.74638
1936.473 [km]
 num [1:5627, 1:5627] 0 667.9 675.2 35.7 680.8 ...
NULL
641.9913 [km]
[1] 18167.16
[1] 5740
[1] -96.72968
[1] 32.14591
[1] 13.37009
1992.88 [km]
 num [1:5740, 1:5740] 0 148.8 37.7 57.2 58 ...
NULL
322.5927 [km]
[1] 22937.14
[1] 6014
[1] -85.6222
[1] 30.75339
[1] 9.215328
1975.556 [km]
 num [1:6014, 1:6014] 0 436 420 444 358 ...
NULL
609.134 [km]
[1] 19405.74
[1] 6326
[1] -90.26554
[1] 34.98222
[1] 13.13553
2733.497 [km]
 num [1:6326, 1:6326] 0 815 2354 2271 2195 ...
NULL
952.1121 [km]
[1] 37507.6
[1] 6898
[1] -78.26852
[1] 40.76099
[1] 18.92402
3030.893 [km]
 num [1:6898, 1:6898] 0 270.7 127 1490.9 78.3 ...
NULL
768.3421 [km]
[1] 50681.25
[1] 7302
[1] -79.75582
[1] 40.16878
[1] 15.83385
2773.267 [km]
 num [1:7302, 1:7302] 0 1218 969 513 874 ...
NULL
792.68 [km]
[1] 48255.92
[1] 7318
[1] -92.02808
[1] 34.41267
[1] 20.81736
3517.636 [km]
 num [1:7318, 1:7318] 0 271 690 240 236 ...
NULL
984.0628 [km]
[1] 61684.7
[1] 7717
[1] -80.71247
[1] 40.9409
[1] 15.26428
2785.033 [km]
 num [1:7717, 1:7717] 0 726 100 462 1286 ...
NULL
788.7058 [km]
[1] 44266.33
[1] 8091
[1] -79.51832
[1] 38.63677
[1] 17.41636
2751.968 [km]
 num [1:8091, 1:8091] 0 169 1063 581 214 ...
NULL
758.3335 [km]
[1] 49513.32
[1] 8252
[1] -76.03717
[1] 40.55213
[1] 13.74962
2325.672 [km]
 num [1:8252, 1:8252] 0 28.5 35.9 393.2 156.2 ...
NULL
517.336 [km]
[1] 28029.31
[1] 8555
[1] -89.81915
[1] 35.17603
[1] 13.76163
2952.425 [km]
 num [1:8555, 1:8555] 0 705 634 336 636 ...
NULL
974.5734 [km]
[1] 49552
[1] 8719
[1] -75.91558
[1] 40.95363
[1] 11.15131
2219.015 [km]
 num [1:8719, 1:8719] 0 876 652 352 487 ...
NULL
351.264 [km]
[1] 23969.58
[1] 8766
[1] -79.19605
[1] 38.43706
[1] 15.26366
3058.13 [km]
 num [1:8766, 1:8766] 0 378 325 312 324 ...
NULL
614.4693 [km]
[1] 40609.88
[1] 8981
[1] -87.12035
[1] 32.59189
[1] 12.18985
2383.332 [km]
 num [1:8981, 1:8981] 0 300 941 1331 1040 ...
NULL
818.5388 [km]
[1] 41383.52
[1] 9266
[1] -97.38121
[1] 31.44235
[1] 10.65087
1377.398 [km]
 num [1:9266, 1:9266] 0 268.49 311.27 240.53 9.69 ...
NULL
230.7418 [km]
[1] 15004.69
[1] 9725
[1] -91.77297
[1] 36.41216
[1] 15.54433
2413.209 [km]
 num [1:9725, 1:9725] 0 622 392 233 1084 ...
NULL
799.9199 [km]
[1] 46812.25
[1] 9785
[1] -81.31856
[1] 41.08914
[1] 19.3478
3018.536 [km]
 num [1:9785, 1:9785] 0 1229 1357 1753 1387 ...
NULL
992.2148 [km]
[1] 60130.17
[1] 10076
[1] -87.21854
[1] 31.49125
[1] 13.94453
2500.331 [km]
 num [1:10076, 1:10076] 0 1424 403 1372 1011 ...
NULL
946.706 [km]
[1] 33874.78
[1] 10150
[1] -72.74258
[1] 41.80413
[1] 11.13208
1817.213 [km]
 num [1:10150, 1:10150] 0 66.5 182.2 227.7 64.2 ...
NULL
249.0015 [km]
[1] 15944.7
[1] 10267
[1] -79.63914
[1] 39.33226
[1] 18.84403
2873.988 [km]
 num [1:10267, 1:10267] 0 371 663 377 428 ...
NULL
806.0826 [km]
[1] 56064.37
[1] 10366
[1] -76.3949
[1] 43.32444
[1] 13.88246
2223.356 [km]
 num [1:10366, 1:10366] 0 17 158 425.6 52.1 ...
NULL
616.4067 [km]
[1] 34378.98
[1] 10722
[1] -78.94548
[1] 38.22777
[1] 11.91581
2450.517 [km]
 num [1:10722, 1:10722] 0 285 583 329 873 ...
NULL
704.8605 [km]
[1] 32804.22
[1] 10774
[1] -92.70319
[1] 38.98405
[1] 21.40334
3174.856 [km]
 num [1:10774, 1:10774] 0 1861 1857 1773 872 ...
NULL
957.1336 [km]
[1] 52297.1
[1] 10843
[1] -94.79324
[1] 32.10873
[1] 14.49997
2683.774 [km]
 num [1:10843, 1:10843] 0 366 370 284 1474 ...
NULL
568.1555 [km]
[1] 42053.98
[1] 11362
[1] -82.02118
[1] 40.99163
[1] 16.38845
2753.718 [km]
 num [1:11362, 1:11362] 0 746 313 335 520 ...
NULL
845.3279 [km]
[1] 50264.01
[1] 13024
[1] -91.47217
[1] 30.98455
[1] 10.95623
2409.226 [km]
 num [1:13024, 1:13024] 0 1324 338 1269 218 ...
NULL
694.3547 [km]
[1] 35317.56
[1] 13082
[1] -88.95175
[1] 39.09087
[1] 21.27751
3271.608 [km]
 num [1:13082, 1:13082] 0 1295 953 1304 608 ...
NULL
1175.225 [km]
[1] 70161.66
[1] 13202
[1] -75.85825
[1] 41.99913
[1] 12.72778
1996.894 [km]
 num [1:13202, 1:13202] 0 118 194 110 1176 ...
NULL
596.6307 [km]
[1] 30560.3
[1] 14942
[1] -82.60368
[1] 39.48135
[1] 16.06967
2839.587 [km]
 num [1:14942, 1:14942] 0 457 466 1076 167 ...
NULL
842.4465 [km]
[1] 70453.24
[1] 18654
[1] -85.60584
[1] 35.22285
[1] 16.4775
2578.47 [km]
 num [1:18654, 1:18654] 0 1452 894 675 1065 ...
NULL
930.6251 [km]
[1] 77300.9
[1] 21532
[1] -79.75625
[1] 37.27452
[1] 15.57607
2855.989 [km]
 num [1:21532, 1:21532] 0 108 164 161 145 ...
NULL
702.9383 [km]
[1] 54130.61
[1] 22141
[1] -80.11265
[1] 39.70886
[1] 22.80175
3260.279 [km]
 num [1:22141, 1:22141] 0 1316 1519 1328 1632 ...
NULL
928.954 [km]
[1] 72610.05
[1] 22497
[1] -83.08465
[1] 38.34348
[1] 13.41843
2159.803 [km]
 num [1:22497, 1:22497] 0 425 572 831 400 ...
NULL
642.0168 [km]
[1] 58515.32
[1] 23482
[1] -79.34961
[1] 39.82571
[1] 16.73777
2821.674 [km]
 num [1:23482, 1:23482] 0 272.9 16.6 1304.8 508.8 ...
NULL
793.0705 [km]
[1] 78783
[1] 23894
[1] -80.96136
[1] 38.26288
[1] 15.68978
2847.887 [km]
 num [1:23894, 1:23894] 0 708 553 530 753 ...
NULL
769.0246 [km]
[1] 79481.74
[1] 23952
[1] -80.44111
[1] 39.7222
[1] 17.21288
3810.451 [km]
 num [1:23952, 1:23952] 0 951 509 435 265 ...
NULL
830.825 [km]
[1] 70165.92
[1] 24566
[1] -84.31069
[1] 37.72052
[1] 15.98031
3180.933 [km]
 num [1:24566, 1:24566] 0 632.4 1943.5 1781.8 22.4 ...
NULL
960.3685 [km]
[1] 86583.84
[1] 25858
[1] -79.70609
[1] 39.93609
[1] 20.27247
4074.632 [km]
 num [1:25858, 1:25858] 0 545 1161 440 1344 ...
NULL
895.5762 [km]
[1] 104209.5
[1] 26298
[1] -76.55258
[1] 41.45295
[1] 14.38098
2589.041 [km]
 num [1:26298, 1:26298] 0 636 907 279 956 ...
NULL
473.0916 [km]
[1] 54934.77
[1] 26911
[1] -85.06736
[1] 38.16342
[1] 16.49583
2994.709 [km]
 num [1:26911, 1:26911] 0 1655 149 951 642 ...
NULL
1103.398 [km]
[1] 96171.86
[1] 29557
[1] -76.22602
[1] 41.53511
[1] 14.66845
2498.044 [km]
 num [1:29557, 1:29557] 0 205 265 468 437 ...
NULL
498.2143 [km]
[1] 55893.18
[1] 30476
[1] -77.40999
[1] 41.62808
[1] 14.10167
2227.455 [km]
 num [1:30476, 1:30476] 0 890.4 689.7 61.6 575.3 ...
NULL
680.5846 [km]
[1] 55254.44
[1] 32527
[1] -76.44704
[1] 41.33282
[1] 17.40277
2707.634 [km]
 num [1:32527, 1:32527] 0 939 888 938 398 ...
NULL
524.0401 [km]
[1] 69260.85
[1] 32706
[1] -86.7965
[1] 39.21207
[1] 21.05786
3653 [km]
 num [1:32706, 1:32706] 0 376 2376 791 551 ...
NULL
1133.359 [km]
[1] 105280.3
[1] 35914
[1] -85.39204
[1] 37.43145
[1] 19.04966
3571.419 [km]
 num [1:35914, 1:35914] 0 1132 726 1845 224 ...
NULL
1018.165 [km]
[1] 102285.4
[1] 36187
[1] -80.30835
[1] 38.97603
[1] 16.33562
2735.399 [km]
 num [1:36187, 1:36187] 0 353.8 247.8 210.4 95.2 ...
NULL
782.945 [km]
[1] 96753.31
[1] 40380
[1] -75.75943
[1] 40.66004
[1] 20.16642
3271.725 [km]
 num [1:40380, 1:40380] 0 660 654 779 1056 ...
NULL
332.1386 [km]
[1] 61345.2
[1] 40920
[1] -79.81581
[1] 38.49228
[1] 16.25955
2333.792 [km]
 num [1:40920, 1:40920] 0 928 365 375 285 ...
NULL
617.4656 [km]
[1] 84697.62
[1] 45918
[1] -77.7944
[1] 40.50018
[1] 17.47076
3013.23 [km]
 num [1:45918, 1:45918] 0 665 374 635 499 ...
NULL
712.9548 [km]
[1] 89639.8
[1] 47593
[1] -75.51994
[1] 40.76751
[1] 18.40926
2692.691 [km]
 num [1:47593, 1:47593] 0 949 966 605 938 ...
NULL
